{"logTime": "0909/170616", "correlationVector":"GtDk9IuCXME6Lr6RT8a+0u.1","action":"SyncServerConnectionManagerRequest", "result":"SYNC_SERVER_OK", "context":{"environment":"Prod_southindia_prod-s01-004-apac-southindia", "migrationStage":"NotStarted", "server":"akswtt01700001a"}}
{"logTime": "0909/170616", "correlationVector":"GtDk9IuCXME6Lr6RT8a+0u.2","action":"ProcessGetUpdates", "result":"Done", "context":{"dataType":"Encryption Keys", "deleted":"0", "process_failed_to_decrypt":"0", "process_pending_decryption":"0", "process_success":"1", "total":"1"}}
{"logTime": "0909/170617", "correlationVector":"Z14XhQjNTLmGkVdIjMZMZM","action":"SyncServerConnectionManagerRequest", "result":"SYNC_SERVER_OK", "context":{"environment":"", "migrationStage":"", "server":""}}
{"logTime": "0909/170617", "correlationVector":"Z14XhQjNTLmGkVdIjMZMZM.0","action":"EncryptionKeysFetcher.DownloadKeys:", "result":"Success", "context":Key count: 8, Last key timestamp: 2025-05-11T14:48:10Z}
{"logTime": "0909/170617", "correlationVector":"Z14XhQjNTLmGkVdIjMZMZM.1","action":"EncryptionKeysManager::SetEncryptionKeys:", "result":"Success", "context":Key names[8]:[0AA5Xg3iPaHJlLb7ZcG2iseEeQygQYyN4Xvye90V2JUMibCgY3fGHtEjR2hyics4kHDNtMsJVQx238/IuHMqSg==][hlj9nQ3zLmWWlUA87DpUB/1yoTv73XyXnsff2Pxlqrh3TeMpWLJYSaCACFM9PtDWxAydtrTbR5q2J+n8aRnlwA==][ECnKhlC3m789JBpClgJ2hDJLbu8JXxcvnYk9grleMwIN7WCegnO24vczqy/Klgzp7qQEkiABVWn2apCzSsF/Ug==][75ecpzGmD00H/qW0UlCJwcMlplcKM1fNDxB7GcimkDo0pUASnMXgasco8Tie5jGyT0AuUsfZbumMMU1ZFqYZUQ==][jf3YKsTXU0NGZWkQb5lwlaDpqpE9JGAZWUqwATXnRDPRh2LLqpOAUk+B+RYPTzGFQGf43ufLFr8PLqKqMvxxtw==][JXazWeHswYBhkNf2Zi3Xr3cJafuypQYyd3ncnS+MAHa9X4LZ5isFwoTOd2/uFFBUKp9au0HDMDm5axyDtiqa4A==][4J6XagJcSv/v9nGJO4fDoBbhK2oyrOLmMyGvKuJI8NAmfpjAil9UlYDAgTp+LgvhNmh7MCZo99E2voEUVElN6Q==][3H5AS1GY4qsZzSEkLSH0u+G1/+WxYUai36KKlmR31cLjRAYBgyaZVKN6Sx/SUikodZZm0RAJ2LdspSzH9ZeQ0w==]}
{"logTime": "0909/170617", "correlationVector":"Z14XhQjNTLmGkVdIjMZMZM.2","action":"EncryptionKeysManager::SetEncryptionKeysWithTimestamps:", "result":"Success", "context":Key timestamps[8]:[2021-08-03T10:01:55Z][2022-01-31T07:13:28Z][2022-08-17T14:58:23Z][2023-02-15T05:54:12Z][2023-11-05T18:36:33Z][2024-05-05T17:19:05Z][2024-11-11T17:02:16Z][2025-05-11T14:48:10Z]}
{"logTime": "0909/170617", "correlationVector":"GtDk9IuCXME6Lr6RT8a+0u","action":"Initial GetUpdates", "result":"", "context":Reason: NEW_CLIENT. cV=GtDk9IuCXME6Lr6RT8a+0u}
{"logTime": "0909/170617", "correlationVector":"GtDk9IuCXME6Lr6RT8a+0u.3","action":"GetUpdates Response", "result":"Success", "context":Received 1 update(s). cV=GtDk9IuCXME6Lr6RT8a+0u.0;server=akswtt01700001a;cloudType=Consumer;environment=Prod_southindia_prod-s01-004-apac-southindia;migrationStage=NotStarted}
{"logTime": "0909/170617", "correlationVector":"fSJdaVGDPN+4HrVVRLpyPb","action":"Initial GetUpdates", "result":"", "context":Reason: NEWLY_SUPPORTED_DATATYPE. cV=fSJdaVGDPN+4HrVVRLpyPb}
{"logTime": "0909/170617", "correlationVector":"fSJdaVGDPN+4HrVVRLpyPb.1","action":"SyncServerConnectionManagerRequest", "result":"SYNC_SERVER_OK", "context":{"environment":"Prod_southindia_prod-s01-004-apac-southindia", "migrationStage":"NotStarted", "server":"akswtt01700003r"}}
{"logTime": "0909/170617", "correlationVector":"fSJdaVGDPN+4HrVVRLpyPb.2","action":"ProcessGetUpdates", "result":"Done", "context":{"dataType":"Preferences", "deleted":"0", "process_failed_to_decrypt":"0", "process_pending_decryption":"0", "process_success":"79", "total":"79"}}
{"logTime": "0909/170617", "correlationVector":"fSJdaVGDPN+4HrVVRLpyPb.3","action":"ProcessGetUpdates", "result":"Done", "context":{"dataType":"Passwords", "deleted":"0", "process_failed_to_decrypt":"0", "process_pending_decryption":"0", "process_success":"168", "total":"168"}}
{"logTime": "0909/170617", "correlationVector":"fSJdaVGDPN+4HrVVRLpyPb.4","action":"ProcessGetUpdates", "result":"Done", "context":{"dataType":"Device Info", "deleted":"0", "process_failed_to_decrypt":"0", "process_pending_decryption":"0", "process_success":"3", "total":"3"}}
{"logTime": "0909/170617", "correlationVector":"fSJdaVGDPN+4HrVVRLpyPb.5","action":"GetUpdates Response", "result":"Success", "context":Received 250 update(s). cV=fSJdaVGDPN+4HrVVRLpyPb.0;server=akswtt01700003r;cloudType=Consumer;environment=Prod_southindia_prod-s01-004-apac-southindia;migrationStage=NotStarted Some updates remain.}
{"logTime": "0909/170617", "correlationVector":"e2dxzrIo5u2UuihMNYYy9u","action":"Initial GetUpdates", "result":"", "context":Reason: NEWLY_SUPPORTED_DATATYPE. cV=e2dxzrIo5u2UuihMNYYy9u}
{"logTime": "0909/170618", "correlationVector":"e2dxzrIo5u2UuihMNYYy9u.1","action":"SyncServerConnectionManagerRequest", "result":"SYNC_SERVER_OK", "context":{"environment":"Prod_southindia_prod-s01-004-apac-southindia", "migrationStage":"NotStarted", "server":"akswtt01700001m"}}
{"logTime": "0909/170618", "correlationVector":"e2dxzrIo5u2UuihMNYYy9u.2","action":"ProcessGetUpdates", "result":"Done", "context":{"dataType":"Preferences", "deleted":"2", "process_failed_to_decrypt":"0", "process_pending_decryption":"0", "process_success":"10", "total":"10"}}
{"logTime": "0909/170618", "correlationVector":"e2dxzrIo5u2UuihMNYYy9u.3","action":"ProcessGetUpdates", "result":"Done", "context":{"dataType":"Passwords", "deleted":"1", "process_failed_to_decrypt":"0", "process_pending_decryption":"0", "process_success":"6", "total":"6"}}
{"logTime": "0909/170618", "correlationVector":"e2dxzrIo5u2UuihMNYYy9u.4","action":"ProcessGetUpdates", "result":"Done", "context":{"dataType":"Device Info", "deleted":"0", "process_failed_to_decrypt":"0", "process_pending_decryption":"0", "process_success":"6", "total":"6"}}
{"logTime": "0909/170618", "correlationVector":"e2dxzrIo5u2UuihMNYYy9u.5","action":"GetUpdates Response", "result":"Success", "context":Received 22 update(s). cV=e2dxzrIo5u2UuihMNYYy9u.0;server=akswtt01700001m;cloudType=Consumer;environment=Prod_southindia_prod-s01-004-apac-southindia;migrationStage=NotStarted}
{"logTime": "0909/170618", "correlationVector":"tYu/WcUYCVD4gKsV+Hphn8","action":"Initial GetUpdates", "result":"", "context":Reason: NEWLY_SUPPORTED_DATATYPE. cV=tYu/WcUYCVD4gKsV+Hphn8}
{"logTime": "0909/170618", "correlationVector":"tYu/WcUYCVD4gKsV+Hphn8.1","action":"SyncServerConnectionManagerRequest", "result":"SYNC_SERVER_OK", "context":{"environment":"Prod_southindia_prod-s01-004-apac-southindia", "migrationStage":"NotStarted", "server":"akswtt01700005i"}}
{"logTime": "0909/170618", "correlationVector":"tYu/WcUYCVD4gKsV+Hphn8.2","action":"ProcessGetUpdates", "result":"Done", "context":{"dataType":"Bookmarks", "deleted":"0", "process_failed_to_decrypt":"0", "process_pending_decryption":"0", "process_success":"102", "total":"102"}}
{"logTime": "0909/170618", "correlationVector":"tYu/WcUYCVD4gKsV+Hphn8.3","action":"GetUpdates Response", "result":"Success", "context":Received 102 update(s). cV=tYu/WcUYCVD4gKsV+Hphn8.0;server=akswtt01700005i;cloudType=Consumer;environment=Prod_southindia_prod-s01-004-apac-southindia;migrationStage=NotStarted}
{"logTime": "0909/170618", "correlationVector":"PUXsp9aBwbNpD/9WJvhnwj","action":"Initial GetUpdates", "result":"", "context":Reason: NEWLY_SUPPORTED_DATATYPE. cV=PUXsp9aBwbNpD/9WJvhnwj}
{"logTime": "0909/170618", "correlationVector":"PUXsp9aBwbNpD/9WJvhnwj.1","action":"SyncServerConnectionManagerRequest", "result":"SYNC_SERVER_OK", "context":{"environment":"Prod_southindia_prod-s01-004-apac-southindia", "migrationStage":"NotStarted", "server":"akswtt017000056"}}
{"logTime": "0909/170618", "correlationVector":"PUXsp9aBwbNpD/9WJvhnwj.2","action":"ProcessGetUpdates", "result":"Done", "context":{"dataType":"Autofill Profiles", "deleted":"1", "process_failed_to_decrypt":"0", "process_pending_decryption":"0", "process_success":"4", "total":"4"}}
{"logTime": "0909/170618", "correlationVector":"PUXsp9aBwbNpD/9WJvhnwj.3","action":"ProcessGetUpdates", "result":"Done", "context":{"dataType":"Autofill", "deleted":"0", "process_failed_to_decrypt":"0", "process_pending_decryption":"0", "process_success":"22", "total":"22"}}
{"logTime": "0909/170618", "correlationVector":"PUXsp9aBwbNpD/9WJvhnwj.4","action":"ProcessGetUpdates", "result":"Done", "context":{"dataType":"Sessions", "deleted":"47", "process_failed_to_decrypt":"0", "process_pending_decryption":"0", "process_success":"58", "total":"58"}}
{"logTime": "0909/170618", "correlationVector":"PUXsp9aBwbNpD/9WJvhnwj.5","action":"ProcessGetUpdates", "result":"Done", "context":{"dataType":"Web Apps", "deleted":"0", "process_failed_to_decrypt":"0", "process_pending_decryption":"0", "process_success":"1", "total":"1"}}
{"logTime": "0909/170618", "correlationVector":"PUXsp9aBwbNpD/9WJvhnwj.6","action":"ProcessGetUpdates", "result":"Done", "context":{"dataType":"Edge Hub App Usage", "deleted":"3", "process_failed_to_decrypt":"0", "process_pending_decryption":"0", "process_success":"9", "total":"9"}}
{"logTime": "0909/170618", "correlationVector":"PUXsp9aBwbNpD/9WJvhnwj.7","action":"GetUpdates Response", "result":"Success", "context":Received 94 update(s). cV=PUXsp9aBwbNpD/9WJvhnwj.0;server=akswtt017000056;cloudType=Consumer;environment=Prod_southindia_prod-s01-004-apac-southindia;migrationStage=NotStarted}
{"logTime": "0909/170618", "correlationVector":"Yv9OIDPi+ssWdugSQ+471N","action":"Initial GetUpdates", "result":"", "context":Reason: NEWLY_SUPPORTED_DATATYPE. cV=Yv9OIDPi+ssWdugSQ+471N}
{"logTime": "0909/170619", "correlationVector":"Yv9OIDPi+ssWdugSQ+471N.1","action":"SyncServerConnectionManagerRequest", "result":"SYNC_SERVER_OK", "context":{"environment":"Prod_southindia_prod-s01-004-apac-southindia", "migrationStage":"NotStarted", "server":"akswtt01700001m"}}
{"logTime": "0909/170619", "correlationVector":"Yv9OIDPi+ssWdugSQ+471N.2","action":"ProcessGetUpdates", "result":"Done", "context":{"dataType":"History", "deleted":"0", "process_failed_to_decrypt":"0", "process_pending_decryption":"0", "process_success":"58", "total":"58"}}
{"logTime": "0909/170619", "correlationVector":"Yv9OIDPi+ssWdugSQ+471N.3","action":"GetUpdates Response", "result":"Success", "context":Received 58 update(s). cV=Yv9OIDPi+ssWdugSQ+471N.0;server=akswtt01700001m;cloudType=Consumer;environment=Prod_southindia_prod-s01-004-apac-southindia;migrationStage=NotStarted}
{"logTime": "0909/170619", "correlationVector":"UuOrSVX2jdPbBXwQJ9Cnpf","action":"Normal GetUpdate request", "result":"", "context":cV=UuOrSVX2jdPbBXwQJ9Cnpf
Nudged types: Sessions, Device Info, User Consents
Refresh requested types: Bookmarks, Preferences, Passwords, Autofill Profiles, Autofill, Extensions, Sessions, Extension settings, History Delete Directives, Device Info, User Consents, Send Tab To Self, Web Apps, History, Saved Tab Group, WebAuthn Credentials, Collection, Edge E Drop, Edge Hub App Usage, Edge Wallet, Encryption Keys}
{"logTime": "0909/170619", "correlationVector":"UuOrSVX2jdPbBXwQJ9Cnpf.1","action":"SyncServerConnectionManagerRequest", "result":"SYNC_SERVER_OK", "context":{"environment":"Prod_southindia_prod-s01-004-apac-southindia", "migrationStage":"NotStarted", "server":"akswtt01700004d"}}
{"logTime": "0909/170619", "correlationVector":"UuOrSVX2jdPbBXwQJ9Cnpf.2","action":"GetUpdates Response", "result":"Success", "context":Received 0 update(s). cV=UuOrSVX2jdPbBXwQJ9Cnpf.0;server=akswtt01700004d;cloudType=Consumer;environment=Prod_southindia_prod-s01-004-apac-southindia;migrationStage=NotStarted}
{"logTime": "0909/170620", "correlationVector":"XjI26bF7mOAJzTqjYINfeg","action":"DoCompareDataConsistency requsted types: ", "result":"Bookmarks, Preferences, Passwords, Extensions, Extension settings, History Delete Directives, Send Tab To Self, Web Apps, History, Saved Tab Group, WebAuthn Credentials, Collection, Edge E Drop, Edge Wallet, Encryption Keys"}
{"logTime": "0909/170620", "correlationVector":"XjI26bF7mOAJzTqjYINfeg.0","action":"CompareDataConsistency result: ", "result":"Compare result: Encryption Keys is consistent. local entities count is: 1 local entities hash is: RQwbnM65wB7xmqKl3gG9/mX+Q5c="}
{"logTime": "0909/170620", "correlationVector":"XjI26bF7mOAJzTqjYINfeg.1","action":"CompareDataConsistency result: ", "result":"Compare result: Bookmarks is consistent. local entities count is: 96 local entities hash is: WhmFaQ8fnvxzbXmUxxSBdkRbtmA="}
{"logTime": "0909/170620", "correlationVector":"XjI26bF7mOAJzTqjYINfeg.2","action":"CompareDataConsistency result: ", "result":"Compare result: Preferences is consistent. local entities count is: 87 local entities hash is: 8gb1mKRoSPAVkjxWeUwLr2WQVVY="}
{"logTime": "0909/170620", "correlationVector":"XjI26bF7mOAJzTqjYINfeg.3","action":"CompareDataConsistency result: ", "result":"Compare result: Extensions is consistent. local entities count is: 0 local entities hash is: "}
{"logTime": "0909/170620", "correlationVector":"XjI26bF7mOAJzTqjYINfeg.4","action":"CompareDataConsistency result: ", "result":"Compare result: Extension settings is consistent. local entities count is: 0 local entities hash is: "}
{"logTime": "0909/170620", "correlationVector":"XjI26bF7mOAJzTqjYINfeg.5","action":"CompareDataConsistency result: ", "result":"Compare result: History Delete Directives is consistent. local entities count is: 0 local entities hash is: "}
{"logTime": "0909/170620", "correlationVector":"XjI26bF7mOAJzTqjYINfeg.6","action":"CompareDataConsistency result: ", "result":"Server did not send this Send Tab To Self local entities count is: 0 local entities hash is: "}
{"logTime": "0909/170620", "correlationVector":"XjI26bF7mOAJzTqjYINfeg.7","action":"CompareDataConsistency result: ", "result":"Compare result: Web Apps is consistent. local entities count is: 1 local entities hash is: stsZiuoi2CWwJ3Fp5WOKDgR5zbI="}
{"logTime": "0909/170620", "correlationVector":"XjI26bF7mOAJzTqjYINfeg.8","action":"CompareDataConsistency result: ", "result":"Server did not send this History local entities count is: 0 local entities hash is: "}
{"logTime": "0909/170620", "correlationVector":"XjI26bF7mOAJzTqjYINfeg.9","action":"CompareDataConsistency result: ", "result":"Compare result: Saved Tab Group is consistent. local entities count is: 0 local entities hash is: "}
{"logTime": "0909/170620", "correlationVector":"XjI26bF7mOAJzTqjYINfeg.10","action":"CompareDataConsistency result: ", "result":"Server did not send this WebAuthn Credentials local entities count is: 0 local entities hash is: "}
{"logTime": "0909/170620", "correlationVector":"XjI26bF7mOAJzTqjYINfeg.11","action":"CompareDataConsistency result: ", "result":"Compare result: Collection is consistent. local entities count is: 0 local entities hash is: "}
{"logTime": "0909/170620", "correlationVector":"XjI26bF7mOAJzTqjYINfeg.12","action":"CompareDataConsistency result: ", "result":"Compare result: Edge E Drop is consistent. local entities count is: 0 local entities hash is: "}
{"logTime": "0909/170620", "correlationVector":"XjI26bF7mOAJzTqjYINfeg.13","action":"CompareDataConsistency result: ", "result":"Compare result: Edge Wallet is consistent. local entities count is: 0 local entities hash is: "}
{"logTime": "0909/170620", "correlationVector":"XjI26bF7mOAJzTqjYINfeg.14","action":"CompareDataConsistency result: ", "result":"Compare result: Passwords is consistent. local entities count is: 173 local entities hash is: X2XKgujOXPUEIiiyp4DLiSqxFdk="}
{"logTime": "0909/170620", "correlationVector":"ctNWP+b+b2LL95VzJDI9P/","action":"Commit Request", "result":"", "context":Item count: 4
Contributing types: Sessions, Device Info, User Consents}
{"logTime": "0909/170621", "correlationVector":"ctNWP+b+b2LL95VzJDI9P/.1","action":"SyncServerConnectionManagerRequest", "result":"SYNC_SERVER_OK", "context":{"environment":"Prod_southindia_prod-s01-004-apac-southindia", "migrationStage":"NotStarted", "server":"akswtt017000053"}}
{"logTime": "0909/170621", "correlationVector":"ctNWP+b+b2LL95VzJDI9P/.2","action":"Commit Response", "result":"Success", "context":Result: Success. cV=ctNWP+b+b2LL95VzJDI9P/.0;server=akswtt017000053;cloudType=Consumer;environment=Prod_southindia_prod-s01-004-apac-southindia;migrationStage=NotStarted}
{"logTime": "0909/170621", "correlationVector":"","action":"DIAGNOSTIC_REQUEST|v1/diagnosticData/Diagnostic.SendCheckResult()|SUCCESS", "result":""}
