{"logTime": "0909/101150", "correlationVector":"0gswdtXmmqRKsXt+j9kJpO.1","action":"SyncServerConnectionManagerRequest", "result":"SYNC_SERVER_OK", "context":{"environment":"Prod_southeastasia_prod-s01-065-apac-southeastasia", "migrationStage":"NotStarted", "server":"akswtt102000011"}}
{"logTime": "0909/101150", "correlationVector":"0gswdtXmmqRKsXt+j9kJpO.2","action":"ProcessGetUpdates", "result":"Done", "context":{"dataType":"Encryption Keys", "deleted":"0", "process_failed_to_decrypt":"0", "process_pending_decryption":"0", "process_success":"1", "total":"1"}}
{"logTime": "0909/101151", "correlationVector":"CfULSg4afJWIEd++kGu9NC","action":"SyncServerConnectionManagerRequest", "result":"SYNC_SERVER_OK", "context":{"environment":"", "migrationStage":"", "server":""}}
{"logTime": "0909/101151", "correlationVector":"CfULSg4afJWIEd++kGu9NC.0","action":"EncryptionKeysFetcher.DownloadKeys:", "result":"Success", "context":Key count: 8, Last key timestamp: 2025-05-11T14:48:10Z}
{"logTime": "0909/101151", "correlationVector":"CfULSg4afJWIEd++kGu9NC.1","action":"EncryptionKeysManager::SetEncryptionKeys:", "result":"Success", "context":Key names[8]:[0AA5Xg3iPaHJlLb7ZcG2iseEeQygQYyN4Xvye90V2JUMibCgY3fGHtEjR2hyics4kHDNtMsJVQx238/IuHMqSg==][hlj9nQ3zLmWWlUA87DpUB/1yoTv73XyXnsff2Pxlqrh3TeMpWLJYSaCACFM9PtDWxAydtrTbR5q2J+n8aRnlwA==][ECnKhlC3m789JBpClgJ2hDJLbu8JXxcvnYk9grleMwIN7WCegnO24vczqy/Klgzp7qQEkiABVWn2apCzSsF/Ug==][75ecpzGmD00H/qW0UlCJwcMlplcKM1fNDxB7GcimkDo0pUASnMXgasco8Tie5jGyT0AuUsfZbumMMU1ZFqYZUQ==][jf3YKsTXU0NGZWkQb5lwlaDpqpE9JGAZWUqwATXnRDPRh2LLqpOAUk+B+RYPTzGFQGf43ufLFr8PLqKqMvxxtw==][JXazWeHswYBhkNf2Zi3Xr3cJafuypQYyd3ncnS+MAHa9X4LZ5isFwoTOd2/uFFBUKp9au0HDMDm5axyDtiqa4A==][4J6XagJcSv/v9nGJO4fDoBbhK2oyrOLmMyGvKuJI8NAmfpjAil9UlYDAgTp+LgvhNmh7MCZo99E2voEUVElN6Q==][3H5AS1GY4qsZzSEkLSH0u+G1/+WxYUai36KKlmR31cLjRAYBgyaZVKN6Sx/SUikodZZm0RAJ2LdspSzH9ZeQ0w==]}
{"logTime": "0909/101151", "correlationVector":"CfULSg4afJWIEd++kGu9NC.2","action":"EncryptionKeysManager::SetEncryptionKeysWithTimestamps:", "result":"Success", "context":Key timestamps[8]:[2021-08-03T10:01:55Z][2022-01-31T07:13:28Z][2022-08-17T14:58:23Z][2023-02-15T05:54:12Z][2023-11-05T18:36:33Z][2024-05-05T17:19:05Z][2024-11-11T17:02:16Z][2025-05-11T14:48:10Z]}
{"logTime": "0909/101151", "correlationVector":"0gswdtXmmqRKsXt+j9kJpO","action":"Initial GetUpdates", "result":"", "context":Reason: NEW_CLIENT. cV=0gswdtXmmqRKsXt+j9kJpO}
{"logTime": "0909/101151", "correlationVector":"0gswdtXmmqRKsXt+j9kJpO.3","action":"GetUpdates Response", "result":"Success", "context":Received 1 update(s). cV=0gswdtXmmqRKsXt+j9kJpO.0;server=akswtt102000011;cloudType=Consumer;environment=Prod_southeastasia_prod-s01-065-apac-southeastasia;migrationStage=NotStarted}
{"logTime": "0909/101151", "correlationVector":"C7cM7umDZuSp0zNocWgxU3","action":"Initial GetUpdates", "result":"", "context":Reason: NEWLY_SUPPORTED_DATATYPE. cV=C7cM7umDZuSp0zNocWgxU3}
{"logTime": "0909/101151", "correlationVector":"C7cM7umDZuSp0zNocWgxU3.1","action":"SyncServerConnectionManagerRequest", "result":"SYNC_SERVER_OK", "context":{"environment":"Prod_southeastasia_prod-s01-065-apac-southeastasia", "migrationStage":"NotStarted", "server":"akswtt102000011"}}
{"logTime": "0909/101151", "correlationVector":"C7cM7umDZuSp0zNocWgxU3.2","action":"ProcessGetUpdates", "result":"Done", "context":{"dataType":"Preferences", "deleted":"0", "process_failed_to_decrypt":"0", "process_pending_decryption":"0", "process_success":"79", "total":"79"}}
{"logTime": "0909/101151", "correlationVector":"C7cM7umDZuSp0zNocWgxU3.3","action":"ProcessGetUpdates", "result":"Done", "context":{"dataType":"Passwords", "deleted":"0", "process_failed_to_decrypt":"0", "process_pending_decryption":"0", "process_success":"168", "total":"168"}}
{"logTime": "0909/101151", "correlationVector":"C7cM7umDZuSp0zNocWgxU3.4","action":"ProcessGetUpdates", "result":"Done", "context":{"dataType":"Device Info", "deleted":"0", "process_failed_to_decrypt":"0", "process_pending_decryption":"0", "process_success":"3", "total":"3"}}
{"logTime": "0909/101151", "correlationVector":"C7cM7umDZuSp0zNocWgxU3.5","action":"GetUpdates Response", "result":"Success", "context":Received 250 update(s). cV=C7cM7umDZuSp0zNocWgxU3.0;server=akswtt102000011;cloudType=Consumer;environment=Prod_southeastasia_prod-s01-065-apac-southeastasia;migrationStage=NotStarted Some updates remain.}
{"logTime": "0909/101151", "correlationVector":"s+wTE6pcG4bJbBIYSEghmt","action":"Initial GetUpdates", "result":"", "context":Reason: NEWLY_SUPPORTED_DATATYPE. cV=s+wTE6pcG4bJbBIYSEghmt}
{"logTime": "0909/101152", "correlationVector":"s+wTE6pcG4bJbBIYSEghmt.1","action":"SyncServerConnectionManagerRequest", "result":"SYNC_SERVER_OK", "context":{"environment":"Prod_southeastasia_prod-s01-065-apac-southeastasia", "migrationStage":"NotStarted", "server":"akswtt102000004"}}
{"logTime": "0909/101152", "correlationVector":"s+wTE6pcG4bJbBIYSEghmt.2","action":"ProcessGetUpdates", "result":"Done", "context":{"dataType":"Preferences", "deleted":"2", "process_failed_to_decrypt":"0", "process_pending_decryption":"0", "process_success":"10", "total":"10"}}
{"logTime": "0909/101152", "correlationVector":"s+wTE6pcG4bJbBIYSEghmt.3","action":"ProcessGetUpdates", "result":"Done", "context":{"dataType":"Passwords", "deleted":"1", "process_failed_to_decrypt":"0", "process_pending_decryption":"0", "process_success":"6", "total":"6"}}
{"logTime": "0909/101152", "correlationVector":"s+wTE6pcG4bJbBIYSEghmt.4","action":"ProcessGetUpdates", "result":"Done", "context":{"dataType":"Device Info", "deleted":"0", "process_failed_to_decrypt":"0", "process_pending_decryption":"0", "process_success":"4", "total":"4"}}
{"logTime": "0909/101152", "correlationVector":"s+wTE6pcG4bJbBIYSEghmt.5","action":"GetUpdates Response", "result":"Success", "context":Received 20 update(s). cV=s+wTE6pcG4bJbBIYSEghmt.0;server=akswtt102000004;cloudType=Consumer;environment=Prod_southeastasia_prod-s01-065-apac-southeastasia;migrationStage=NotStarted}
{"logTime": "0909/101152", "correlationVector":"jKu0Lf5cSerBDfs5G7y1T5","action":"Initial GetUpdates", "result":"", "context":Reason: NEWLY_SUPPORTED_DATATYPE. cV=jKu0Lf5cSerBDfs5G7y1T5}
{"logTime": "0909/101152", "correlationVector":"jKu0Lf5cSerBDfs5G7y1T5.1","action":"SyncServerConnectionManagerRequest", "result":"SYNC_SERVER_OK", "context":{"environment":"Prod_southeastasia_prod-s01-065-apac-southeastasia", "migrationStage":"NotStarted", "server":"akswtt102000001"}}
{"logTime": "0909/101152", "correlationVector":"jKu0Lf5cSerBDfs5G7y1T5.2","action":"ProcessGetUpdates", "result":"Done", "context":{"dataType":"Bookmarks", "deleted":"0", "process_failed_to_decrypt":"0", "process_pending_decryption":"0", "process_success":"102", "total":"102"}}
{"logTime": "0909/101152", "correlationVector":"jKu0Lf5cSerBDfs5G7y1T5.3","action":"GetUpdates Response", "result":"Success", "context":Received 102 update(s). cV=jKu0Lf5cSerBDfs5G7y1T5.0;server=akswtt102000001;cloudType=Consumer;environment=Prod_southeastasia_prod-s01-065-apac-southeastasia;migrationStage=NotStarted}
{"logTime": "0909/101152", "correlationVector":"qHCiA4Kz1a4HLv7iRdQmkj","action":"Initial GetUpdates", "result":"", "context":Reason: NEWLY_SUPPORTED_DATATYPE. cV=qHCiA4Kz1a4HLv7iRdQmkj}
{"logTime": "0909/101153", "correlationVector":"qHCiA4Kz1a4HLv7iRdQmkj.1","action":"SyncServerConnectionManagerRequest", "result":"SYNC_SERVER_OK", "context":{"environment":"Prod_southeastasia_prod-s01-065-apac-southeastasia", "migrationStage":"NotStarted", "server":"akswtt102000001"}}
{"logTime": "0909/101153", "correlationVector":"qHCiA4Kz1a4HLv7iRdQmkj.2","action":"ProcessGetUpdates", "result":"Done", "context":{"dataType":"Autofill Profiles", "deleted":"1", "process_failed_to_decrypt":"0", "process_pending_decryption":"0", "process_success":"4", "total":"4"}}
{"logTime": "0909/101153", "correlationVector":"qHCiA4Kz1a4HLv7iRdQmkj.3","action":"ProcessGetUpdates", "result":"Done", "context":{"dataType":"Autofill", "deleted":"0", "process_failed_to_decrypt":"0", "process_pending_decryption":"0", "process_success":"22", "total":"22"}}
{"logTime": "0909/101153", "correlationVector":"qHCiA4Kz1a4HLv7iRdQmkj.4","action":"ProcessGetUpdates", "result":"Done", "context":{"dataType":"Sessions", "deleted":"47", "process_failed_to_decrypt":"0", "process_pending_decryption":"0", "process_success":"54", "total":"54"}}
{"logTime": "0909/101153", "correlationVector":"qHCiA4Kz1a4HLv7iRdQmkj.5","action":"ProcessGetUpdates", "result":"Done", "context":{"dataType":"Web Apps", "deleted":"0", "process_failed_to_decrypt":"0", "process_pending_decryption":"0", "process_success":"1", "total":"1"}}
{"logTime": "0909/101153", "correlationVector":"qHCiA4Kz1a4HLv7iRdQmkj.6","action":"ProcessGetUpdates", "result":"Done", "context":{"dataType":"Edge Hub App Usage", "deleted":"3", "process_failed_to_decrypt":"0", "process_pending_decryption":"0", "process_success":"9", "total":"9"}}
{"logTime": "0909/101153", "correlationVector":"qHCiA4Kz1a4HLv7iRdQmkj.7","action":"GetUpdates Response", "result":"Success", "context":Received 90 update(s). cV=qHCiA4Kz1a4HLv7iRdQmkj.0;server=akswtt102000001;cloudType=Consumer;environment=Prod_southeastasia_prod-s01-065-apac-southeastasia;migrationStage=NotStarted}
{"logTime": "0909/101153", "correlationVector":"0r1W7DcrmGnc2ljsUDGGym","action":"Initial GetUpdates", "result":"", "context":Reason: NEWLY_SUPPORTED_DATATYPE. cV=0r1W7DcrmGnc2ljsUDGGym}
{"logTime": "0909/101153", "correlationVector":"0r1W7DcrmGnc2ljsUDGGym.1","action":"SyncServerConnectionManagerRequest", "result":"SYNC_SERVER_OK", "context":{"environment":"Prod_southeastasia_prod-s01-065-apac-southeastasia", "migrationStage":"NotStarted", "server":"akswtt102000001"}}
{"logTime": "0909/101153", "correlationVector":"0r1W7DcrmGnc2ljsUDGGym.2","action":"ProcessGetUpdates", "result":"Done", "context":{"dataType":"History", "deleted":"0", "process_failed_to_decrypt":"0", "process_pending_decryption":"0", "process_success":"57", "total":"57"}}
{"logTime": "0909/101153", "correlationVector":"0r1W7DcrmGnc2ljsUDGGym.3","action":"GetUpdates Response", "result":"Success", "context":Received 57 update(s). cV=0r1W7DcrmGnc2ljsUDGGym.0;server=akswtt102000001;cloudType=Consumer;environment=Prod_southeastasia_prod-s01-065-apac-southeastasia;migrationStage=NotStarted}
{"logTime": "0909/101153", "correlationVector":"szEhuBXxKTqrKjIjPZ4jIg","action":"Normal GetUpdate request", "result":"", "context":cV=szEhuBXxKTqrKjIjPZ4jIg
Nudged types: Sessions, Device Info, User Consents
Refresh requested types: Bookmarks, Preferences, Passwords, Autofill Profiles, Autofill, Extensions, Sessions, Extension settings, History Delete Directives, Device Info, User Consents, Send Tab To Self, Web Apps, History, Saved Tab Group, WebAuthn Credentials, Collection, Edge E Drop, Edge Hub App Usage, Edge Wallet, Encryption Keys}
{"logTime": "0909/101154", "correlationVector":"szEhuBXxKTqrKjIjPZ4jIg.1","action":"SyncServerConnectionManagerRequest", "result":"SYNC_SERVER_OK", "context":{"environment":"Prod_southeastasia_prod-s01-065-apac-southeastasia", "migrationStage":"NotStarted", "server":"akswtt102000004"}}
{"logTime": "0909/101154", "correlationVector":"szEhuBXxKTqrKjIjPZ4jIg.2","action":"GetUpdates Response", "result":"Success", "context":Received 0 update(s). cV=szEhuBXxKTqrKjIjPZ4jIg.0;server=akswtt102000004;cloudType=Consumer;environment=Prod_southeastasia_prod-s01-065-apac-southeastasia;migrationStage=NotStarted}
{"logTime": "0909/101154", "correlationVector":"fwj0kXgSn7/3D9+QgUtaVw","action":"DoCompareDataConsistency requsted types: ", "result":"Bookmarks, Preferences, Passwords, Extensions, Extension settings, History Delete Directives, Send Tab To Self, Web Apps, History, Saved Tab Group, WebAuthn Credentials, Collection, Edge E Drop, Edge Wallet, Encryption Keys"}
{"logTime": "0909/101154", "correlationVector":"fwj0kXgSn7/3D9+QgUtaVw.0","action":"CompareDataConsistency result: ", "result":"Compare result: Encryption Keys is consistent. local entities count is: 1 local entities hash is: RQwbnM65wB7xmqKl3gG9/mX+Q5c="}
{"logTime": "0909/101154", "correlationVector":"fwj0kXgSn7/3D9+QgUtaVw.1","action":"CompareDataConsistency result: ", "result":"Compare result: Bookmarks is consistent. local entities count is: 96 local entities hash is: WhmFaQ8fnvxzbXmUxxSBdkRbtmA="}
{"logTime": "0909/101154", "correlationVector":"fwj0kXgSn7/3D9+QgUtaVw.2","action":"CompareDataConsistency result: ", "result":"Compare result: Preferences is consistent. local entities count is: 87 local entities hash is: 8gb1mKRoSPAVkjxWeUwLr2WQVVY="}
{"logTime": "0909/101154", "correlationVector":"fwj0kXgSn7/3D9+QgUtaVw.3","action":"CompareDataConsistency result: ", "result":"Compare result: Extensions is consistent. local entities count is: 0 local entities hash is: "}
{"logTime": "0909/101154", "correlationVector":"fwj0kXgSn7/3D9+QgUtaVw.4","action":"CompareDataConsistency result: ", "result":"Compare result: Extension settings is consistent. local entities count is: 0 local entities hash is: "}
{"logTime": "0909/101154", "correlationVector":"fwj0kXgSn7/3D9+QgUtaVw.5","action":"CompareDataConsistency result: ", "result":"Compare result: History Delete Directives is consistent. local entities count is: 0 local entities hash is: "}
{"logTime": "0909/101154", "correlationVector":"fwj0kXgSn7/3D9+QgUtaVw.6","action":"CompareDataConsistency result: ", "result":"Server did not send this Send Tab To Self local entities count is: 0 local entities hash is: "}
{"logTime": "0909/101154", "correlationVector":"fwj0kXgSn7/3D9+QgUtaVw.7","action":"CompareDataConsistency result: ", "result":"Compare result: Web Apps is consistent. local entities count is: 1 local entities hash is: stsZiuoi2CWwJ3Fp5WOKDgR5zbI="}
{"logTime": "0909/101154", "correlationVector":"fwj0kXgSn7/3D9+QgUtaVw.8","action":"CompareDataConsistency result: ", "result":"Server did not send this History local entities count is: 0 local entities hash is: "}
{"logTime": "0909/101154", "correlationVector":"fwj0kXgSn7/3D9+QgUtaVw.9","action":"CompareDataConsistency result: ", "result":"Compare result: Saved Tab Group is consistent. local entities count is: 0 local entities hash is: "}
{"logTime": "0909/101154", "correlationVector":"fwj0kXgSn7/3D9+QgUtaVw.10","action":"CompareDataConsistency result: ", "result":"Server did not send this WebAuthn Credentials local entities count is: 0 local entities hash is: "}
{"logTime": "0909/101154", "correlationVector":"fwj0kXgSn7/3D9+QgUtaVw.11","action":"CompareDataConsistency result: ", "result":"Compare result: Collection is consistent. local entities count is: 0 local entities hash is: "}
{"logTime": "0909/101154", "correlationVector":"fwj0kXgSn7/3D9+QgUtaVw.12","action":"CompareDataConsistency result: ", "result":"Compare result: Edge E Drop is consistent. local entities count is: 0 local entities hash is: "}
{"logTime": "0909/101154", "correlationVector":"fwj0kXgSn7/3D9+QgUtaVw.13","action":"CompareDataConsistency result: ", "result":"Compare result: Edge Wallet is consistent. local entities count is: 0 local entities hash is: "}
{"logTime": "0909/101154", "correlationVector":"fwj0kXgSn7/3D9+QgUtaVw.14","action":"CompareDataConsistency result: ", "result":"Compare result: Passwords is consistent. local entities count is: 173 local entities hash is: X2XKgujOXPUEIiiyp4DLiSqxFdk="}
{"logTime": "0909/101154", "correlationVector":"FcRmzxAHftn/fPNxboU/II","action":"Commit Request", "result":"", "context":Item count: 4
Contributing types: Sessions, Device Info, User Consents}
{"logTime": "0909/101155", "correlationVector":"FcRmzxAHftn/fPNxboU/II.1","action":"SyncServerConnectionManagerRequest", "result":"SYNC_SERVER_OK", "context":{"environment":"Prod_southeastasia_prod-s01-065-apac-southeastasia", "migrationStage":"NotStarted", "server":"akswtt10200000y"}}
{"logTime": "0909/101155", "correlationVector":"FcRmzxAHftn/fPNxboU/II.2","action":"Commit Response", "result":"Success", "context":Result: Success. cV=FcRmzxAHftn/fPNxboU/II.0;server=akswtt10200000y;cloudType=Consumer;environment=Prod_southeastasia_prod-s01-065-apac-southeastasia;migrationStage=NotStarted}
{"logTime": "0909/101155", "correlationVector":"","action":"DIAGNOSTIC_REQUEST|v1/diagnosticData/Diagnostic.SendCheckResult()|SUCCESS", "result":""}
