2025-09-09 10:11:45.661: [INFO] VisibilityChanged: 0
2025-09-09 10:11:45.765: [INFO] RecordSyncInitDuration has_sync_been_enabled: 0 state: 0
2025-09-09 10:11:45.767: [INFO] RecordSyncInitDuration has_sync_been_enabled: 0 state: 0
2025-09-09 10:11:45.769: [INFO] RecordSyncInitDuration has_sync_been_enabled: 0 state: 0
2025-09-09 10:11:45.771: [INFO] RecordSyncInitDuration has_sync_been_enabled: 0 state: 0
2025-09-09 10:11:45.773: [INFO] RecordSyncInitDuration has_sync_been_enabled: 0 state: 0
2025-09-09 10:11:45.774: [INFO] RecordSyncInitDuration has_sync_been_enabled: 0 state: 0
2025-09-09 10:11:45.777: [INFO] RecordSyncInitDuration has_sync_been_enabled: 0 state: 0
2025-09-09 10:11:45.779: [INFO] RecordSyncInitDuration has_sync_been_enabled: 0 state: 0
2025-09-09 10:11:45.781: [INFO] RecordSyncInitDuration has_sync_been_enabled: 0 state: 0
2025-09-09 10:11:45.783: [INFO] RecordSyncInitDuration has_sync_been_enabled: 0 state: 0
2025-09-09 10:11:45.785: [INFO] RecordSyncInitDuration has_sync_been_enabled: 0 state: 0
2025-09-09 10:11:45.801: [INFO] BookmarkModelLoaded, ids_reassigned: 0
2025-09-09 10:11:45.801: [INFO] OnDoneLoading sync enabled: 0
2025-09-09 10:11:45.813: [INFO] RecordSyncInitDuration has_sync_been_enabled: 0 state: 0
2025-09-09 10:11:48.412: [INFO] RecordSyncInitDuration has_sync_been_enabled: 0 state: 3
2025-09-09 10:11:48.418: [INFO] Primary account changed.
2025-09-09 10:11:48.418: [INFO] OnPrimaryAccountChanged PrimaryAccountChangeEvent::Type::kSet
2025-09-09 10:11:52.240: [INFO] VisibilityChanged: 1
2025-09-09 10:11:52.691: [INFO] BookmarkNodeAdded, ABU: 0
2025-09-09 10:11:52.693: [INFO] BookmarkNodeAdded, ABU: 0
2025-09-09 10:11:52.693: [INFO] BookmarkNodeAdded, ABU: 0
2025-09-09 10:11:52.693: [INFO] BookmarkNodeAdded, ABU: 0
2025-09-09 10:11:52.694: [INFO] BookmarkNodeAdded, ABU: 0
2025-09-09 10:11:52.694: [INFO] BookmarkNodeAdded, ABU: 0
2025-09-09 10:11:52.694: [INFO] BookmarkNodeAdded, ABU: 0
2025-09-09 10:11:52.694: [INFO] BookmarkNodeAdded, ABU: 0
2025-09-09 10:11:52.694: [INFO] BookmarkNodeAdded, ABU: 0
2025-09-09 10:11:52.695: [INFO] BookmarkNodeAdded, ABU: 0
2025-09-09 10:11:52.695: [INFO] BookmarkNodeAdded, ABU: 0
2025-09-09 10:11:52.695: [INFO] BookmarkNodeAdded, ABU: 0
2025-09-09 10:11:52.695: [INFO] BookmarkNodeAdded, ABU: 0
2025-09-09 10:11:52.695: [INFO] BookmarkNodeAdded, ABU: 0
2025-09-09 10:11:52.695: [INFO] BookmarkNodeAdded, ABU: 0
2025-09-09 10:11:52.697: [INFO] BookmarkNodeAdded, ABU: 0
2025-09-09 10:11:52.697: [INFO] BookmarkNodeAdded, ABU: 0
2025-09-09 10:11:52.697: [INFO] BookmarkNodeAdded, ABU: 0
2025-09-09 10:11:52.697: [INFO] BookmarkNodeAdded, ABU: 0
2025-09-09 10:11:52.698: [INFO] BookmarkNodeAdded, ABU: 0
2025-09-09 10:11:52.698: [INFO] BookmarkNodeAdded, ABU: 0
2025-09-09 10:11:52.698: [INFO] BookmarkNodeAdded, ABU: 0
2025-09-09 10:11:52.698: [INFO] BookmarkNodeAdded, ABU: 0
2025-09-09 10:11:52.698: [INFO] BookmarkNodeAdded, ABU: 0
2025-09-09 10:11:52.699: [INFO] BookmarkNodeAdded, ABU: 0
2025-09-09 10:11:52.699: [INFO] BookmarkNodeAdded, ABU: 0
2025-09-09 10:11:52.699: [INFO] BookmarkNodeAdded, ABU: 0
2025-09-09 10:11:52.699: [INFO] BookmarkNodeAdded, ABU: 0
2025-09-09 10:11:52.699: [INFO] BookmarkNodeAdded, ABU: 0
2025-09-09 10:11:52.699: [INFO] BookmarkNodeAdded, ABU: 0
2025-09-09 10:11:52.699: [INFO] BookmarkNodeAdded, ABU: 0
2025-09-09 10:11:52.700: [INFO] BookmarkNodeAdded, ABU: 0
2025-09-09 10:11:52.700: [INFO] BookmarkNodeAdded, ABU: 0
2025-09-09 10:11:52.700: [INFO] BookmarkNodeAdded, ABU: 0
2025-09-09 10:11:52.700: [INFO] BookmarkNodeAdded, ABU: 0
2025-09-09 10:11:52.700: [INFO] BookmarkNodeAdded, ABU: 0
2025-09-09 10:11:52.700: [INFO] BookmarkNodeAdded, ABU: 0
2025-09-09 10:11:52.701: [INFO] BookmarkNodeAdded, ABU: 0
2025-09-09 10:11:52.701: [INFO] BookmarkNodeAdded, ABU: 0
2025-09-09 10:11:52.701: [INFO] BookmarkNodeAdded, ABU: 0
2025-09-09 10:11:52.701: [INFO] BookmarkNodeAdded, ABU: 0
2025-09-09 10:11:52.702: [INFO] BookmarkNodeAdded, ABU: 0
2025-09-09 10:11:52.702: [INFO] BookmarkNodeAdded, ABU: 0
2025-09-09 10:11:52.702: [INFO] BookmarkNodeAdded, ABU: 0
2025-09-09 10:11:52.702: [INFO] BookmarkNodeAdded, ABU: 0
2025-09-09 10:11:52.702: [INFO] BookmarkNodeAdded, ABU: 0
2025-09-09 10:11:52.703: [INFO] BookmarkNodeAdded, ABU: 0
2025-09-09 10:11:52.703: [INFO] BookmarkNodeAdded, ABU: 0
2025-09-09 10:11:52.703: [INFO] BookmarkNodeAdded, ABU: 0
2025-09-09 10:11:52.703: [INFO] BookmarkNodeAdded, ABU: 0
2025-09-09 10:11:52.703: [INFO] BookmarkNodeAdded, ABU: 0
2025-09-09 10:11:52.704: [INFO] BookmarkNodeAdded, ABU: 0
2025-09-09 10:11:52.704: [INFO] BookmarkNodeAdded, ABU: 0
2025-09-09 10:11:52.704: [INFO] BookmarkNodeAdded, ABU: 0
2025-09-09 10:11:52.704: [INFO] BookmarkNodeAdded, ABU: 0
2025-09-09 10:11:52.705: [INFO] BookmarkNodeAdded, ABU: 0
2025-09-09 10:11:52.706: [INFO] BookmarkNodeAdded, ABU: 0
2025-09-09 10:11:52.706: [INFO] BookmarkNodeAdded, ABU: 0
2025-09-09 10:11:52.706: [INFO] BookmarkNodeAdded, ABU: 0
2025-09-09 10:11:52.707: [INFO] BookmarkNodeAdded, ABU: 0
2025-09-09 10:11:52.707: [INFO] BookmarkNodeAdded, ABU: 0
2025-09-09 10:11:52.707: [INFO] BookmarkNodeAdded, ABU: 0
2025-09-09 10:11:52.707: [INFO] BookmarkNodeAdded, ABU: 0
2025-09-09 10:11:52.707: [INFO] BookmarkNodeAdded, ABU: 0
2025-09-09 10:11:52.707: [INFO] BookmarkNodeAdded, ABU: 0
2025-09-09 10:11:52.707: [INFO] BookmarkNodeAdded, ABU: 0
2025-09-09 10:11:52.708: [INFO] BookmarkNodeAdded, ABU: 0
2025-09-09 10:11:52.708: [INFO] BookmarkNodeAdded, ABU: 0
2025-09-09 10:11:52.708: [INFO] BookmarkNodeAdded, ABU: 0
2025-09-09 10:11:52.708: [INFO] BookmarkNodeAdded, ABU: 0
2025-09-09 10:11:52.708: [INFO] BookmarkNodeAdded, ABU: 0
2025-09-09 10:11:52.709: [INFO] BookmarkNodeAdded, ABU: 0
2025-09-09 10:11:52.709: [INFO] BookmarkNodeAdded, ABU: 0
2025-09-09 10:11:52.709: [INFO] BookmarkNodeAdded, ABU: 0
2025-09-09 10:11:52.709: [INFO] BookmarkNodeAdded, ABU: 0
2025-09-09 10:11:52.709: [INFO] BookmarkNodeAdded, ABU: 0
2025-09-09 10:11:52.709: [INFO] BookmarkNodeAdded, ABU: 0
2025-09-09 10:11:52.710: [INFO] BookmarkNodeAdded, ABU: 0
2025-09-09 10:11:52.710: [INFO] BookmarkNodeAdded, ABU: 0
2025-09-09 10:11:52.710: [INFO] BookmarkNodeAdded, ABU: 0
2025-09-09 10:11:52.710: [INFO] BookmarkNodeAdded, ABU: 0
2025-09-09 10:11:52.710: [INFO] BookmarkNodeAdded, ABU: 0
2025-09-09 10:11:52.711: [INFO] BookmarkNodeAdded, ABU: 0
2025-09-09 10:11:52.711: [INFO] BookmarkNodeAdded, ABU: 0
2025-09-09 10:11:52.711: [INFO] BookmarkNodeAdded, ABU: 0
2025-09-09 10:11:52.711: [INFO] BookmarkNodeAdded, ABU: 0
2025-09-09 10:11:52.712: [INFO] BookmarkNodeAdded, ABU: 0
2025-09-09 10:11:52.712: [INFO] BookmarkNodeAdded, ABU: 0
2025-09-09 10:11:52.712: [INFO] BookmarkNodeAdded, ABU: 0
2025-09-09 10:11:52.713: [INFO] BookmarkNodeAdded, ABU: 0
2025-09-09 10:11:52.713: [INFO] BookmarkNodeAdded, ABU: 0
2025-09-09 10:11:52.713: [INFO] BookmarkNodeAdded, ABU: 0
2025-09-09 10:11:52.713: [INFO] BookmarkNodeAdded, ABU: 0
2025-09-09 10:11:52.713: [INFO] BookmarkNodeAdded, ABU: 0
2025-09-09 10:11:52.714: [INFO] BookmarkNodeAdded, ABU: 0
2025-09-09 10:11:52.714: [INFO] BookmarkNodeAdded, ABU: 0
2025-09-09 10:11:53.113: [INFO] Sync initialization duration: 4686ms
2025-09-09 10:11:58.051: [INFO] VisibilityChanged: 0
